{"total": {"lines":{"total":1981,"covered":1902,"skipped":0,"pct":96.01},"statements":{"total":1981,"covered":1902,"skipped":0,"pct":96.01},"functions":{"total":81,"covered":80,"skipped":0,"pct":98.76},"branches":{"total":581,"covered":531,"skipped":0,"pct":91.39},"branchesTrue":{"total":0,"covered":0,"skipped":0,"pct":100}}
,"C:\\Users\\sebss\\Documents\\AxiomNode\\bff-backoffice\\src\\app\\config.ts": {"lines":{"total":28,"covered":28,"skipped":0,"pct":100},"functions":{"total":1,"covered":1,"skipped":0,"pct":100},"statements":{"total":28,"covered":28,"skipped":0,"pct":100},"branches":{"total":1,"covered":1,"skipped":0,"pct":100}}
,"C:\\Users\\sebss\\Documents\\AxiomNode\\bff-backoffice\\src\\app\\routes\\backoffice.ts": {"lines":{"total":1347,"covered":1268,"skipped":0,"pct":94.13},"functions":{"total":43,"covered":42,"skipped":0,"pct":97.67},"statements":{"total":1347,"covered":1268,"skipped":0,"pct":94.13},"branches":{"total":405,"covered":355,"skipped":0,"pct":87.65}}
,"C:\\Users\\sebss\\Documents\\AxiomNode\\bff-backoffice\\src\\app\\routes\\backofficeRouteGuards.ts": {"lines":{"total":282,"covered":282,"skipped":0,"pct":100},"functions":{"total":13,"covered":13,"skipped":0,"pct":100},"statements":{"total":282,"covered":282,"skipped":0,"pct":100},"branches":{"total":64,"covered":64,"skipped":0,"pct":100}}
,"C:\\Users\\sebss\\Documents\\AxiomNode\\bff-backoffice\\src\\app\\routes\\health.ts": {"lines":{"total":9,"covered":9,"skipped":0,"pct":100},"functions":{"total":1,"covered":1,"skipped":0,"pct":100},"statements":{"total":9,"covered":9,"skipped":0,"pct":100},"branches":{"total":2,"covered":2,"skipped":0,"pct":100}}
,"C:\\Users\\sebss\\Documents\\AxiomNode\\bff-backoffice\\src\\app\\routes\\monitoring.ts": {"lines":{"total":27,"covered":27,"skipped":0,"pct":100},"functions":{"total":1,"covered":1,"skipped":0,"pct":100},"statements":{"total":27,"covered":27,"skipped":0,"pct":100},"branches":{"total":7,"covered":7,"skipped":0,"pct":100}}
,"C:\\Users\\sebss\\Documents\\AxiomNode\\bff-backoffice\\src\\app\\services\\routingStateStore.ts": {"lines":{"total":169,"covered":169,"skipped":0,"pct":100},"functions":{"total":13,"covered":13,"skipped":0,"pct":100},"statements":{"total":169,"covered":169,"skipped":0,"pct":100},"branches":{"total":80,"covered":80,"skipped":0,"pct":100}}
,"C:\\Users\\sebss\\Documents\\AxiomNode\\bff-backoffice\\src\\app\\services\\serviceMetrics.ts": {"lines":{"total":119,"covered":119,"skipped":0,"pct":100},"functions":{"total":9,"covered":9,"skipped":0,"pct":100},"statements":{"total":119,"covered":119,"skipped":0,"pct":100},"branches":{"total":22,"covered":22,"skipped":0,"pct":100}}
}
